No files changed, compilation skipped
Script ran successfully.

== Logs ==
  CertManager deployed at: 0x5FbDB2315678afecb367f032d93F642f64180aa3
  NitroAttestationVerifier deployed at: 0xe7f1725E7734CE288F8367e1Bb143E90bb3F0512
  Real AWS Nitro PCR0:
  0x1dc7252e67bf43bf7511f6467e207972390eda74a8b06bf18e77b5db55ff522a
  Real Enclave Signer: 0x8040355BbB910C74D0FdB27ab50B1394774D342a
  KaskadPriceOracle deployed at: 0xCf7Ed3AccA5a467e9e704C703E8D87F634fB0Fc9
  Real AWS Nitro Enclave registered successfully on Anvil!

## Setting up 1 EVM.

==========================

Chain 31337

Estimated gas price: 0.092728931 gwei

Estimated total gas used for script: 154596606

Estimated amount required: 0.014335578010608186 ETH

==========================


==========================

ONCHAIN EXECUTION COMPLETE & SUCCESSFUL.

Transactions saved to: /home/oxide/projects/kastad/tee-oracle/contracts/broadcast/DeployReal.s.sol/31337/run-latest.json

Sensitive values saved to: /home/oxide/projects/kastad/tee-oracle/contracts/cache/DeployReal.s.sol/31337/run-latest.json

